<?xml version="1.0" encoding="UTF-8"?>
<testng-results skipped="0" failed="0" ignored="0" total="1" passed="1">
  <reporter-output>
  </reporter-output>
  <suite name="Default suite" duration-ms="40173" started-at="2020-05-01T18:45:11 IST" finished-at="2020-05-01T18:45:51 IST">
    <groups>
    </groups>
    <test name="Default test" duration-ms="40173" started-at="2020-05-01T18:45:11 IST" finished-at="2020-05-01T18:45:51 IST">
      <class name="calender.CalanderDatePicker">
        <test-method status="PASS" signature="testDatePicker()[pri:0, instance:calender.CalanderDatePicker@19627bc]" name="testDatePicker" duration-ms="40081" started-at="2020-05-01T18:45:11 IST" finished-at="2020-05-01T18:45:51 IST">
          <reporter-output>
          </reporter-output>
        </test-method> <!-- testDatePicker -->
      </class> <!-- calender.CalanderDatePicker -->
    </test> <!-- Default test -->
  </suite> <!-- Default suite -->
</testng-results>
